<?xml version="1.0" encoding="UTF-8"?>
<testsuite name="com.blundell.tests.MyAndroidClassTest" tests="1" skipped="0" failures="0" errors="0" timestamp="2014-07-10T09:22:37" hostname="PaulsMBP.local" time="5.429">
  <properties/>
  <testcase name="testSomething" classname="com.blundell.tests.MyAndroidClassTest" time="5.429"/>
  <system-out><![CDATA[EMMA: collecting runtime coverage data ...
EMMA: collecting runtime coverage data ...
DEBUG: Loading resources for com.blundell.tests from ../app/src/main/res...
DEBUG: Loading resources for android from jar:/Users/Blundell/.m2/repository/org/robolectric/android-res/4.1.2_r1_rc/android-res-4.1.2_r1_rc-real.jar!/res...
]]></system-out>
  <system-err><![CDATA[WARNING: no system properties value for ro.build.date.utc
]]></system-err>
</testsuite>
